2025-11-21 16:30:19,169 - feature_engineering - DEBUG - Data loaded and NaNs filled from ./data/interim/train_processed.csv
2025-11-21 16:30:19,200 - feature_engineering - DEBUG - Data loaded and NaNs filled from ./data/interim/test_processed.csv
2025-11-21 16:30:19,257 - feature_engineering - DEBUG - tfidf applied and data transformed
2025-11-21 16:30:19,344 - feature_engineering - DEBUG - Data saved to ./data\processed\train_tfidf.csv
2025-11-21 16:30:19,373 - feature_engineering - DEBUG - Data saved to ./data\processed\test_tfidf.csv
2025-11-21 21:24:35,333 - feature_engineering - DEBUG - Data loaded and NaNs filled from ./data/interim/train_processed.csv
2025-11-21 21:24:35,338 - feature_engineering - DEBUG - Data loaded and NaNs filled from ./data/interim/test_processed.csv
2025-11-21 21:24:35,386 - feature_engineering - DEBUG - tfidf applied and data transformed
2025-11-21 21:24:35,456 - feature_engineering - DEBUG - Data saved to ./data\processed\train_tfidf.csv
2025-11-21 21:24:35,479 - feature_engineering - DEBUG - Data saved to ./data\processed\test_tfidf.csv
2025-11-22 00:12:11,361 - feature_engineering - DEBUG - Parameters retrieved from params.yaml
2025-11-22 00:12:11,398 - feature_engineering - DEBUG - Data loaded and NaNs filled from ./data/interim/train_processed.csv
2025-11-22 00:12:11,431 - feature_engineering - DEBUG - Data loaded and NaNs filled from ./data/interim/test_processed.csv
2025-11-22 00:12:11,467 - feature_engineering - DEBUG - tfidf applied and data transformed
2025-11-22 00:12:11,527 - feature_engineering - DEBUG - Data saved to ./data\processed\train_tfidf.csv
2025-11-22 00:12:11,542 - feature_engineering - DEBUG - Data saved to ./data\processed\test_tfidf.csv
2025-11-22 14:00:35,547 - feature_engineering - DEBUG - Parameters retrieved from params.yaml
2025-11-22 14:00:35,556 - feature_engineering - DEBUG - Data loaded and NaNs filled from ./data/interim/train_processed.csv
2025-11-22 14:00:35,560 - feature_engineering - DEBUG - Data loaded and NaNs filled from ./data/interim/test_processed.csv
2025-11-22 14:00:35,640 - feature_engineering - DEBUG - tfidf applied and data transformed
2025-11-22 14:00:35,709 - feature_engineering - DEBUG - Data saved to ./data\processed\train_tfidf.csv
2025-11-22 14:00:35,720 - feature_engineering - DEBUG - Data saved to ./data\processed\test_tfidf.csv
2025-11-22 14:10:01,910 - feature_engineering - DEBUG - Parameters retrieved from params.yaml
2025-11-22 14:10:01,924 - feature_engineering - DEBUG - Data loaded and NaNs filled from ./data/interim/train_processed.csv
2025-11-22 14:10:01,928 - feature_engineering - DEBUG - Data loaded and NaNs filled from ./data/interim/test_processed.csv
2025-11-22 14:10:01,997 - feature_engineering - DEBUG - tfidf applied and data transformed
2025-11-22 14:10:02,104 - feature_engineering - DEBUG - Data saved to ./data\processed\train_tfidf.csv
2025-11-22 14:10:02,120 - feature_engineering - DEBUG - Data saved to ./data\processed\test_tfidf.csv
